# JRE version: Java(TM) SE Runtime Environment (17.0.1+12) (build 17.0.1+12-LTS-39)
# Java VM: Java HotSpot(TM) 64-Bit Server VM (17.0.1+12-LTS-39, mixed mode, sharing, tiered, compressed oops, compressed class ptrs, g1 gc, windows-amd64)
GC Precious Log:
 CPUs: 8 total, 8 available
 Memory: 8107M
 Large Page Support: Disabled
 NUMA Support: Disabled
 Compressed Oops: Enabled (32-bit)
 Heap Region Size: 1M
 Heap Min Capacity: 8M
 Heap Initial Capacity: 128M
 Heap Max Capacity: 2028M
 Pre-touch: Disabled
 Parallel Workers: 8
 Concurrent Workers: 2
 Concurrent Refinement Workers: 8
 Periodic GC: Disabled
Heap:
 garbage-first heap   total 131072K, used 78124K [0x0000000081400000, 0x0000000100000000)
  region size 1024K, 20 young (20480K), 7 survivors (7168K)
 Metaspace       used 11919K, committed 12032K, reserved 1064960K
  class space    used 710K, committed 768K, reserved 1048576K
GC Heap History (14 events):
Event: 0.738 GC heap before
{Heap before GC invocations=0 (full 0):
 garbage-first heap   total 131072K, used 26624K [0x0000000081400000, 0x0000000100000000)
  region size 1024K, 23 young (23552K), 0 survivors (0K)
 Metaspace       used 3702K, committed 3776K, reserved 1056768K
  class space    used 355K, committed 384K, reserved 1048576K
}
Event: 0.745 GC heap after
{Heap after GC invocations=1 (full 0):
 garbage-first heap   total 131072K, used 13611K [0x0000000081400000, 0x0000000100000000)
  region size 1024K, 3 young (3072K), 3 survivors (3072K)
 Metaspace       used 3702K, committed 3776K, reserved 1056768K
  class space    used 355K, committed 384K, reserved 1048576K
}
Event: 4.143 GC heap before
{Heap before GC invocations=1 (full 0):
 garbage-first heap   total 131072K, used 71979K [0x0000000081400000, 0x0000000100000000)
  region size 1024K, 14 young (14336K), 3 survivors (3072K)
 Metaspace       used 4668K, committed 4864K, reserved 1056768K
  class space    used 429K, committed 512K, reserved 1048576K
}
Event: 4.146 GC heap after
{Heap after GC invocations=2 (full 0):
 garbage-first heap   total 131072K, used 24955K [0x0000000081400000, 0x0000000100000000)
  region size 1024K, 1 young (1024K), 1 survivors (1024K)
 Metaspace       used 4668K, committed 4864K, reserved 1056768K
  class space    used 429K, committed 512K, reserved 1048576K
}
Event: 4.206 GC heap before
{Heap before GC invocations=2 (full 0):
 garbage-first heap   total 131072K, used 45435K [0x0000000081400000, 0x0000000100000000)
  region size 1024K, 1 young (1024K), 1 survivors (1024K)
 Metaspace       used 4668K, committed 4864K, reserved 1056768K
  class space    used 429K, committed 512K, reserved 1048576K
}
Event: 4.207 GC heap after
{Heap after GC invocations=3 (full 0):
 garbage-first heap   total 131072K, used 33776K [0x0000000081400000, 0x0000000100000000)
  region size 1024K, 1 young (1024K), 1 survivors (1024K)
 Metaspace       used 4668K, committed 4864K, reserved 1056768K
  class space    used 429K, committed 512K, reserved 1048576K
}
Event: 4.221 GC heap before
{Heap before GC invocations=3 (full 0):
 garbage-first heap   total 131072K, used 51184K [0x0000000081400000, 0x0000000100000000)
  region size 1024K, 1 young (1024K), 1 survivors (1024K)
 Metaspace       used 4668K, committed 4864K, reserved 1056768K
  class space    used 429K, committed 512K, reserved 1048576K
}
Event: 4.222 GC heap after
{Heap after GC invocations=4 (full 0):
 garbage-first heap   total 131072K, used 41861K [0x0000000081400000, 0x0000000100000000)
  region size 1024K, 1 young (1024K), 1 survivors (1024K)
 Metaspace       used 4668K, committed 4864K, reserved 1056768K
  class space    used 429K, committed 512K, reserved 1048576K
}
Event: 4.684 GC heap before
{Heap before GC invocations=4 (full 0):
 garbage-first heap   total 131072K, used 85893K [0x0000000081400000, 0x0000000100000000)
  region size 1024K, 34 young (34816K), 1 survivors (1024K)
 Metaspace       used 6713K, committed 6848K, reserved 1056768K
  class space    used 593K, committed 640K, reserved 1048576K
}
Event: 4.687 GC heap after
{Heap after GC invocations=5 (full 0):
 garbage-first heap   total 131072K, used 37099K [0x0000000081400000, 0x0000000100000000)
  region size 1024K, 3 young (3072K), 3 survivors (3072K)
 Metaspace       used 6713K, committed 6848K, reserved 1056768K
  class space    used 593K, committed 640K, reserved 1048576K
}
Event: 5.183 GC heap before
{Heap before GC invocations=5 (full 0):
 garbage-first heap   total 131072K, used 107755K [0x0000000081400000, 0x0000000100000000)
  region size 1024K, 59 young (60416K), 3 survivors (3072K)
 Metaspace       used 8184K, committed 8320K, reserved 1056768K
  class space    used 701K, committed 768K, reserved 1048576K
}
Event: 5.190 GC heap after
{Heap after GC invocations=6 (full 0):
 garbage-first heap   total 131072K, used 51634K [0x0000000081400000, 0x0000000100000000)
  region size 1024K, 8 young (8192K), 8 survivors (8192K)
 Metaspace       used 8184K, committed 8320K, reserved 1056768K
  class space    used 701K, committed 768K, reserved 1048576K
}
Event: 5.277 GC heap before
{Heap before GC invocations=6 (full 0):
 garbage-first heap   total 131072K, used 96690K [0x0000000081400000, 0x0000000100000000)
  region size 1024K, 52 young (53248K), 8 survivors (8192K)
 Metaspace       used 8184K, committed 8320K, reserved 1056768K
  class space    used 701K, committed 768K, reserved 1048576K
}
Event: 5.289 GC heap after
{Heap after GC invocations=7 (full 0):
 garbage-first heap   total 131072K, used 62764K [0x0000000081400000, 0x0000000100000000)
  region size 1024K, 7 young (7168K), 7 survivors (7168K)
 Metaspace       used 8184K, committed 8320K, reserved 1056768K
  class space    used 701K, committed 768K, reserved 1048576K
}

